{"/Users/muller/dev/pessoais/technical-tests/outsera/tests/integration/creaate_movie.api.integration.test.js": {"path":"/Users/muller/dev/pessoais/technical-tests/outsera/tests/integration/creaate_movie.api.integration.test.js","statementMap":{"0":{"start":{"line":1,"column":16},"end":{"line":1,"column":36}},"1":{"start":{"line":2,"column":33},"end":{"line":2,"column":57}},"2":{"start":{"line":4,"column":0},"end":{"line":51,"column":2}},"3":{"start":{"line":5,"column":1},"end":{"line":50,"column":4}},"4":{"start":{"line":6,"column":2},"end":{"line":31,"column":5}},"5":{"start":{"line":8,"column":17},"end":{"line":14,"column":4}},"6":{"start":{"line":16,"column":3},"end":{"line":30,"column":7}},"7":{"start":{"line":20,"column":5},"end":{"line":20,"column":41}},"8":{"start":{"line":21,"column":5},"end":{"line":21,"column":48}},"9":{"start":{"line":22,"column":5},"end":{"line":22,"column":51}},"10":{"start":{"line":23,"column":5},"end":{"line":23,"column":55}},"11":{"start":{"line":24,"column":5},"end":{"line":24,"column":53}},"12":{"start":{"line":25,"column":5},"end":{"line":25,"column":52}},"13":{"start":{"line":26,"column":5},"end":{"line":26,"column":50}},"14":{"start":{"line":27,"column":5},"end":{"line":27,"column":44}},"15":{"start":{"line":28,"column":5},"end":{"line":28,"column":60}},"16":{"start":{"line":29,"column":5},"end":{"line":29,"column":41}},"17":{"start":{"line":33,"column":2},"end":{"line":49,"column":5}},"18":{"start":{"line":35,"column":17},"end":{"line":39,"column":4}},"19":{"start":{"line":41,"column":3},"end":{"line":48,"column":7}},"20":{"start":{"line":45,"column":5},"end":{"line":45,"column":42}},"21":{"start":{"line":46,"column":5},"end":{"line":46,"column":45}},"22":{"start":{"line":47,"column":5},"end":{"line":47,"column":41}}},"fnMap":{"0":{"name":"MovieIntegrationTestsPOST","decl":{"start":{"line":4,"column":26},"end":{"line":4,"column":51}},"loc":{"start":{"line":4,"column":57},"end":{"line":51,"column":1}},"line":4},"1":{"name":"(anonymous_1)","decl":{"start":{"line":5,"column":48},"end":{"line":5,"column":49}},"loc":{"start":{"line":5,"column":54},"end":{"line":50,"column":2}},"line":5},"2":{"name":"(anonymous_2)","decl":{"start":{"line":6,"column":45},"end":{"line":6,"column":46}},"loc":{"start":{"line":6,"column":57},"end":{"line":31,"column":3}},"line":6},"3":{"name":"(anonymous_3)","decl":{"start":{"line":19,"column":10},"end":{"line":19,"column":11}},"loc":{"start":{"line":19,"column":19},"end":{"line":30,"column":5}},"line":19},"4":{"name":"(anonymous_4)","decl":{"start":{"line":33,"column":62},"end":{"line":33,"column":63}},"loc":{"start":{"line":33,"column":74},"end":{"line":49,"column":3}},"line":33},"5":{"name":"(anonymous_5)","decl":{"start":{"line":44,"column":10},"end":{"line":44,"column":11}},"loc":{"start":{"line":44,"column":19},"end":{"line":48,"column":5}},"line":44}},"branchMap":{},"s":{"0":1,"1":1,"2":1,"3":1,"4":1,"5":1,"6":1,"7":1,"8":1,"9":1,"10":1,"11":1,"12":1,"13":1,"14":1,"15":1,"16":1,"17":1,"18":1,"19":1,"20":1,"21":1,"22":1},"f":{"0":1,"1":1,"2":1,"3":1,"4":1,"5":1},"b":{},"inputSourceMap":null,"_coverageSchema":"1a1c01bbd47fc00a2c39e90264f33305004495a9","hash":"7c07878d89ef1948d4949981ca80b941fd00109a"}
,"/Users/muller/dev/pessoais/technical-tests/outsera/tests/integration/delete_movie.api.integration.test.js": {"path":"/Users/muller/dev/pessoais/technical-tests/outsera/tests/integration/delete_movie.api.integration.test.js","statementMap":{"0":{"start":{"line":1,"column":16},"end":{"line":1,"column":36}},"1":{"start":{"line":2,"column":33},"end":{"line":2,"column":57}},"2":{"start":{"line":4,"column":0},"end":{"line":29,"column":2}},"3":{"start":{"line":5,"column":1},"end":{"line":28,"column":4}},"4":{"start":{"line":6,"column":2},"end":{"line":16,"column":5}},"5":{"start":{"line":7,"column":14},"end":{"line":7,"column":15}},"6":{"start":{"line":8,"column":3},"end":{"line":15,"column":7}},"7":{"start":{"line":11,"column":5},"end":{"line":11,"column":41}},"8":{"start":{"line":12,"column":5},"end":{"line":12,"column":44}},"9":{"start":{"line":13,"column":5},"end":{"line":13,"column":41}},"10":{"start":{"line":14,"column":5},"end":{"line":14,"column":41}},"11":{"start":{"line":18,"column":2},"end":{"line":27,"column":5}},"12":{"start":{"line":19,"column":14},"end":{"line":19,"column":16}},"13":{"start":{"line":20,"column":3},"end":{"line":26,"column":7}},"14":{"start":{"line":23,"column":5},"end":{"line":23,"column":42}},"15":{"start":{"line":24,"column":5},"end":{"line":24,"column":45}},"16":{"start":{"line":25,"column":5},"end":{"line":25,"column":41}}},"fnMap":{"0":{"name":"MovieIntegrationTestsDELETE","decl":{"start":{"line":4,"column":26},"end":{"line":4,"column":53}},"loc":{"start":{"line":4,"column":59},"end":{"line":29,"column":1}},"line":4},"1":{"name":"(anonymous_1)","decl":{"start":{"line":5,"column":48},"end":{"line":5,"column":49}},"loc":{"start":{"line":5,"column":54},"end":{"line":28,"column":2}},"line":5},"2":{"name":"(anonymous_2)","decl":{"start":{"line":6,"column":55},"end":{"line":6,"column":56}},"loc":{"start":{"line":6,"column":67},"end":{"line":16,"column":3}},"line":6},"3":{"name":"(anonymous_3)","decl":{"start":{"line":10,"column":10},"end":{"line":10,"column":11}},"loc":{"start":{"line":10,"column":19},"end":{"line":15,"column":5}},"line":10},"4":{"name":"(anonymous_4)","decl":{"start":{"line":18,"column":80},"end":{"line":18,"column":81}},"loc":{"start":{"line":18,"column":92},"end":{"line":27,"column":3}},"line":18},"5":{"name":"(anonymous_5)","decl":{"start":{"line":22,"column":10},"end":{"line":22,"column":11}},"loc":{"start":{"line":22,"column":19},"end":{"line":26,"column":5}},"line":22}},"branchMap":{},"s":{"0":1,"1":1,"2":1,"3":1,"4":1,"5":1,"6":1,"7":1,"8":1,"9":1,"10":1,"11":1,"12":1,"13":1,"14":1,"15":1,"16":1},"f":{"0":1,"1":1,"2":1,"3":1,"4":1,"5":1},"b":{},"inputSourceMap":null,"_coverageSchema":"1a1c01bbd47fc00a2c39e90264f33305004495a9","hash":"07ac3ac2fdebd81da6e6e7a34764557828fd2a95"}
,"/Users/muller/dev/pessoais/technical-tests/outsera/tests/integration/get_movie.api.integration.test.js": {"path":"/Users/muller/dev/pessoais/technical-tests/outsera/tests/integration/get_movie.api.integration.test.js","statementMap":{"0":{"start":{"line":1,"column":16},"end":{"line":1,"column":36}},"1":{"start":{"line":2,"column":33},"end":{"line":2,"column":57}},"2":{"start":{"line":4,"column":0},"end":{"line":59,"column":2}},"3":{"start":{"line":5,"column":1},"end":{"line":58,"column":4}},"4":{"start":{"line":6,"column":2},"end":{"line":15,"column":5}},"5":{"start":{"line":7,"column":3},"end":{"line":14,"column":7}},"6":{"start":{"line":10,"column":5},"end":{"line":10,"column":41}},"7":{"start":{"line":11,"column":5},"end":{"line":11,"column":44}},"8":{"start":{"line":12,"column":5},"end":{"line":12,"column":55}},"9":{"start":{"line":13,"column":5},"end":{"line":13,"column":41}},"10":{"start":{"line":17,"column":2},"end":{"line":32,"column":5}},"11":{"start":{"line":18,"column":14},"end":{"line":18,"column":15}},"12":{"start":{"line":19,"column":3},"end":{"line":31,"column":7}},"13":{"start":{"line":22,"column":5},"end":{"line":22,"column":41}},"14":{"start":{"line":23,"column":5},"end":{"line":23,"column":44}},"15":{"start":{"line":24,"column":5},"end":{"line":24,"column":48}},"16":{"start":{"line":25,"column":5},"end":{"line":25,"column":51}},"17":{"start":{"line":26,"column":5},"end":{"line":26,"column":55}},"18":{"start":{"line":27,"column":5},"end":{"line":27,"column":53}},"19":{"start":{"line":28,"column":5},"end":{"line":28,"column":52}},"20":{"start":{"line":29,"column":5},"end":{"line":29,"column":50}},"21":{"start":{"line":30,"column":5},"end":{"line":30,"column":41}},"22":{"start":{"line":34,"column":2},"end":{"line":43,"column":5}},"23":{"start":{"line":35,"column":14},"end":{"line":35,"column":16}},"24":{"start":{"line":36,"column":3},"end":{"line":42,"column":7}},"25":{"start":{"line":39,"column":5},"end":{"line":39,"column":42}},"26":{"start":{"line":40,"column":5},"end":{"line":40,"column":45}},"27":{"start":{"line":41,"column":5},"end":{"line":41,"column":41}},"28":{"start":{"line":45,"column":2},"end":{"line":57,"column":5}},"29":{"start":{"line":46,"column":3},"end":{"line":56,"column":7}},"30":{"start":{"line":49,"column":5},"end":{"line":49,"column":40}},"31":{"start":{"line":50,"column":5},"end":{"line":50,"column":40}},"32":{"start":{"line":51,"column":5},"end":{"line":51,"column":54}},"33":{"start":{"line":52,"column":5},"end":{"line":52,"column":54}},"34":{"start":{"line":53,"column":5},"end":{"line":53,"column":55}},"35":{"start":{"line":54,"column":5},"end":{"line":54,"column":55}},"36":{"start":{"line":55,"column":5},"end":{"line":55,"column":41}}},"fnMap":{"0":{"name":"MovieIntegrationTestsGET","decl":{"start":{"line":4,"column":26},"end":{"line":4,"column":50}},"loc":{"start":{"line":4,"column":56},"end":{"line":59,"column":1}},"line":4},"1":{"name":"(anonymous_1)","decl":{"start":{"line":5,"column":45},"end":{"line":5,"column":46}},"loc":{"start":{"line":5,"column":51},"end":{"line":58,"column":2}},"line":5},"2":{"name":"(anonymous_2)","decl":{"start":{"line":6,"column":42},"end":{"line":6,"column":43}},"loc":{"start":{"line":6,"column":54},"end":{"line":15,"column":3}},"line":6},"3":{"name":"(anonymous_3)","decl":{"start":{"line":9,"column":10},"end":{"line":9,"column":11}},"loc":{"start":{"line":9,"column":19},"end":{"line":14,"column":5}},"line":9},"4":{"name":"(anonymous_4)","decl":{"start":{"line":17,"column":51},"end":{"line":17,"column":52}},"loc":{"start":{"line":17,"column":63},"end":{"line":32,"column":3}},"line":17},"5":{"name":"(anonymous_5)","decl":{"start":{"line":21,"column":10},"end":{"line":21,"column":11}},"loc":{"start":{"line":21,"column":19},"end":{"line":31,"column":5}},"line":21},"6":{"name":"(anonymous_6)","decl":{"start":{"line":34,"column":59},"end":{"line":34,"column":60}},"loc":{"start":{"line":34,"column":71},"end":{"line":43,"column":3}},"line":34},"7":{"name":"(anonymous_7)","decl":{"start":{"line":38,"column":10},"end":{"line":38,"column":11}},"loc":{"start":{"line":38,"column":19},"end":{"line":42,"column":5}},"line":38},"8":{"name":"(anonymous_8)","decl":{"start":{"line":45,"column":50},"end":{"line":45,"column":51}},"loc":{"start":{"line":45,"column":62},"end":{"line":57,"column":3}},"line":45},"9":{"name":"(anonymous_9)","decl":{"start":{"line":48,"column":10},"end":{"line":48,"column":11}},"loc":{"start":{"line":48,"column":19},"end":{"line":56,"column":5}},"line":48}},"branchMap":{},"s":{"0":1,"1":1,"2":1,"3":1,"4":1,"5":1,"6":1,"7":1,"8":1,"9":1,"10":1,"11":1,"12":1,"13":1,"14":1,"15":1,"16":1,"17":1,"18":1,"19":1,"20":1,"21":1,"22":1,"23":1,"24":1,"25":1,"26":1,"27":1,"28":1,"29":1,"30":1,"31":1,"32":1,"33":1,"34":1,"35":1,"36":1},"f":{"0":1,"1":1,"2":1,"3":1,"4":1,"5":1,"6":1,"7":1,"8":1,"9":1},"b":{},"inputSourceMap":null,"_coverageSchema":"1a1c01bbd47fc00a2c39e90264f33305004495a9","hash":"2f886250fa740e0b517495b8ab105d033306edae"}
,"/Users/muller/dev/pessoais/technical-tests/outsera/tests/integration/update_movie.api.integration.test.js": {"path":"/Users/muller/dev/pessoais/technical-tests/outsera/tests/integration/update_movie.api.integration.test.js","statementMap":{"0":{"start":{"line":1,"column":16},"end":{"line":1,"column":36}},"1":{"start":{"line":2,"column":33},"end":{"line":2,"column":57}},"2":{"start":{"line":4,"column":0},"end":{"line":46,"column":2}},"3":{"start":{"line":5,"column":1},"end":{"line":45,"column":4}},"4":{"start":{"line":6,"column":2},"end":{"line":24,"column":5}},"5":{"start":{"line":7,"column":14},"end":{"line":7,"column":15}},"6":{"start":{"line":9,"column":17},"end":{"line":15,"column":4}},"7":{"start":{"line":16,"column":3},"end":{"line":23,"column":7}},"8":{"start":{"line":20,"column":5},"end":{"line":20,"column":41}},"9":{"start":{"line":21,"column":5},"end":{"line":21,"column":44}},"10":{"start":{"line":22,"column":5},"end":{"line":22,"column":41}},"11":{"start":{"line":26,"column":2},"end":{"line":44,"column":5}},"12":{"start":{"line":27,"column":14},"end":{"line":27,"column":16}},"13":{"start":{"line":29,"column":17},"end":{"line":35,"column":4}},"14":{"start":{"line":36,"column":3},"end":{"line":43,"column":7}},"15":{"start":{"line":40,"column":5},"end":{"line":40,"column":42}},"16":{"start":{"line":41,"column":5},"end":{"line":41,"column":45}},"17":{"start":{"line":42,"column":5},"end":{"line":42,"column":41}}},"fnMap":{"0":{"name":"MovieIntegrationTestsPUT","decl":{"start":{"line":4,"column":26},"end":{"line":4,"column":50}},"loc":{"start":{"line":4,"column":56},"end":{"line":46,"column":1}},"line":4},"1":{"name":"(anonymous_1)","decl":{"start":{"line":5,"column":48},"end":{"line":5,"column":49}},"loc":{"start":{"line":5,"column":54},"end":{"line":45,"column":2}},"line":5},"2":{"name":"(anonymous_2)","decl":{"start":{"line":6,"column":52},"end":{"line":6,"column":53}},"loc":{"start":{"line":6,"column":64},"end":{"line":24,"column":3}},"line":6},"3":{"name":"(anonymous_3)","decl":{"start":{"line":19,"column":10},"end":{"line":19,"column":11}},"loc":{"start":{"line":19,"column":19},"end":{"line":23,"column":5}},"line":19},"4":{"name":"(anonymous_4)","decl":{"start":{"line":26,"column":77},"end":{"line":26,"column":78}},"loc":{"start":{"line":26,"column":89},"end":{"line":44,"column":3}},"line":26},"5":{"name":"(anonymous_5)","decl":{"start":{"line":39,"column":10},"end":{"line":39,"column":11}},"loc":{"start":{"line":39,"column":19},"end":{"line":43,"column":5}},"line":39}},"branchMap":{},"s":{"0":1,"1":1,"2":1,"3":1,"4":1,"5":1,"6":1,"7":1,"8":1,"9":1,"10":1,"11":1,"12":1,"13":1,"14":1,"15":1,"16":1,"17":1},"f":{"0":1,"1":1,"2":1,"3":1,"4":1,"5":1},"b":{},"inputSourceMap":null,"_coverageSchema":"1a1c01bbd47fc00a2c39e90264f33305004495a9","hash":"11af78e567eafd3cbec54dfe4fa98efc3ec3603f"}
}
