TN:
SF:tests/integration/creaate_movie.api.integration.test.js
FN:4,MovieIntegrationTestsPOST
FN:5,(anonymous_1)
FN:6,(anonymous_2)
FN:19,(anonymous_3)
FN:33,(anonymous_4)
FN:44,(anonymous_5)
FNF:6
FNH:6
FNDA:1,MovieIntegrationTestsPOST
FNDA:1,(anonymous_1)
FNDA:1,(anonymous_2)
FNDA:1,(anonymous_3)
FNDA:1,(anonymous_4)
FNDA:1,(anonymous_5)
DA:1,1
DA:2,1
DA:4,1
DA:5,1
DA:6,1
DA:8,1
DA:16,1
DA:20,1
DA:21,1
DA:22,1
DA:23,1
DA:24,1
DA:25,1
DA:26,1
DA:27,1
DA:28,1
DA:29,1
DA:33,1
DA:35,1
DA:41,1
DA:45,1
DA:46,1
DA:47,1
LF:23
LH:23
BRF:0
BRH:0
end_of_record
TN:
SF:tests/integration/delete_movie.api.integration.test.js
FN:4,MovieIntegrationTestsDELETE
FN:5,(anonymous_1)
FN:6,(anonymous_2)
FN:10,(anonymous_3)
FN:18,(anonymous_4)
FN:22,(anonymous_5)
FNF:6
FNH:6
FNDA:1,MovieIntegrationTestsDELETE
FNDA:1,(anonymous_1)
FNDA:1,(anonymous_2)
FNDA:1,(anonymous_3)
FNDA:1,(anonymous_4)
FNDA:1,(anonymous_5)
DA:1,1
DA:2,1
DA:4,1
DA:5,1
DA:6,1
DA:7,1
DA:8,1
DA:11,1
DA:12,1
DA:13,1
DA:14,1
DA:18,1
DA:19,1
DA:20,1
DA:23,1
DA:24,1
DA:25,1
LF:17
LH:17
BRF:0
BRH:0
end_of_record
TN:
SF:tests/integration/get_movie.api.integration.test.js
FN:4,MovieIntegrationTestsGET
FN:5,(anonymous_1)
FN:6,(anonymous_2)
FN:9,(anonymous_3)
FN:17,(anonymous_4)
FN:21,(anonymous_5)
FN:34,(anonymous_6)
FN:38,(anonymous_7)
FN:45,(anonymous_8)
FN:48,(anonymous_9)
FNF:10
FNH:10
FNDA:1,MovieIntegrationTestsGET
FNDA:1,(anonymous_1)
FNDA:1,(anonymous_2)
FNDA:1,(anonymous_3)
FNDA:1,(anonymous_4)
FNDA:1,(anonymous_5)
FNDA:1,(anonymous_6)
FNDA:1,(anonymous_7)
FNDA:1,(anonymous_8)
FNDA:1,(anonymous_9)
DA:1,1
DA:2,1
DA:4,1
DA:5,1
DA:6,1
DA:7,1
DA:10,1
DA:11,1
DA:12,1
DA:13,1
DA:17,1
DA:18,1
DA:19,1
DA:22,1
DA:23,1
DA:24,1
DA:25,1
DA:26,1
DA:27,1
DA:28,1
DA:29,1
DA:30,1
DA:34,1
DA:35,1
DA:36,1
DA:39,1
DA:40,1
DA:41,1
DA:45,1
DA:46,1
DA:49,1
DA:50,1
DA:51,1
DA:52,1
DA:53,1
DA:54,1
DA:55,1
LF:37
LH:37
BRF:0
BRH:0
end_of_record
TN:
SF:tests/integration/update_movie.api.integration.test.js
FN:4,MovieIntegrationTestsPUT
FN:5,(anonymous_1)
FN:6,(anonymous_2)
FN:19,(anonymous_3)
FN:26,(anonymous_4)
FN:39,(anonymous_5)
FNF:6
FNH:6
FNDA:1,MovieIntegrationTestsPUT
FNDA:1,(anonymous_1)
FNDA:1,(anonymous_2)
FNDA:1,(anonymous_3)
FNDA:1,(anonymous_4)
FNDA:1,(anonymous_5)
DA:1,1
DA:2,1
DA:4,1
DA:5,1
DA:6,1
DA:7,1
DA:9,1
DA:16,1
DA:20,1
DA:21,1
DA:22,1
DA:26,1
DA:27,1
DA:29,1
DA:36,1
DA:40,1
DA:41,1
DA:42,1
LF:18
LH:18
BRF:0
BRH:0
end_of_record
